<?xml version="1.0" encoding="UTF-8"?>
<testsuite xmlns:xsi="http://www.w3.org/2001/XMLSchema-instance" xsi:noNamespaceSchemaLocation="https://maven.apache.org/surefire/maven-surefire-plugin/xsd/surefire-test-report-3.0.xsd" version="3.0" name="BurgerTest" time="1.528" tests="7" errors="0" skipped="0" failures="0">
  <properties>
[...]
</properties>
  <testcase name="addAndRemoveIngredientTest" classname="BurgerTest" time="1.493"/>
  <testcase name="complexFunctionalityTest" classname="BurgerTest" time="0.004"/>
  <testcase name="moveIngredientTest" classname="BurgerTest" time="0.006"/>
  <testcase name="getReceiptWithEmptyIngredientsTest" classname="BurgerTest" time="0.002"/>
  <testcase name="emptyBurgerReceiptTest" classname="BurgerTest" time="0.003"/>
  <testcase name="getPriceWithSingleBunTest" classname="BurgerTest" time="0.003"/>
  <testcase name="removeIngredientWithInvalidIndexTest" classname="BurgerTest" time="0.001"/>
</testsuite>